Base path: C:/Program Files (x86)/Unity/Editor/Data
Pipe name: \\.\pipe\UnityShaderCompiler-4-25720
Cmd: getPlatforms
Cmd: compileSnippet
  api=9 type=0 insize=942 outsize=631 kw= ok=1
Cmd: compileSnippet
  api=9 type=1 insize=1770 outsize=7 kw= ok=1
Cmd: compileSnippet
  api=9 type=0 insize=2154 outsize=11324 kw= ok=1
Cmd: compileSnippet
  api=9 type=0 insize=2219 outsize=11405 kw= ok=1
Cmd: compileSnippet
  api=9 type=0 insize=1852 outsize=10405 kw= ok=1
Cmd: compileSnippet
  api=9 type=0 insize=2137 outsize=11312 kw= ok=1
Cmd: compileSnippet
  api=9 type=1 insize=1329 outsize=7 kw= ok=1
Cmd: compileSnippet
  api=9 type=0 insize=1237 outsize=9198 kw= ok=1
Cmd: compileSnippet
  api=9 type=1 insize=2284 outsize=7 kw= ok=1
Unhandled exception: Readfile from pipe failed. GLE=管道已结束。


Quitting shader compiler process
